<?xml version="1.0" encoding="UTF-8"?>
<!-- Generated by org.testng.reporters.JUnitReportReporter -->
<testsuite hostname="DESKTOP-06JD960" name="Patrick.Patrick.TestNGSeleniumSimpleSearchExample" tests="1" failures="0" timestamp="7 Mar 2017 15:54:46 GMT" time="3.611" errors="0">
  <testcase name="searchTestNGInGoogle" time="3.611" classname="Patrick.Patrick.TestNGSeleniumSimpleSearchExample"/>
</testsuite> <!-- Patrick.Patrick.TestNGSeleniumSimpleSearchExample -->
